2025-04-13 09:38:00 [ INFO  ] : Starting PartsManagementServiceApplication using Java 17.0.8.1 with PID 7728 (C:\Users\Kubim\OneDrive\Pulpit\PartsManagementService\target\classes started by Kubim in C:\Users\Kubim\OneDrive\Pulpit\PartsManagementService)
2025-04-13 09:38:00 [ DEBUG ] : Running with Spring Boot v3.4.4, Spring v6.2.5
2025-04-13 09:38:00 [ INFO  ] : No active profile set, falling back to 1 default profile: "default"
2025-04-13 09:38:04 [ INFO  ] : Initializing ProtocolHandler ["http-nio-8080"]
2025-04-13 09:38:04 [ INFO  ] : Starting service [Tomcat]
2025-04-13 09:38:04 [ INFO  ] : Starting Servlet engine: [Apache Tomcat/10.1.39]
2025-04-13 09:38:04 [ INFO  ] : Initializing Spring embedded WebApplicationContext
2025-04-13 09:38:05 [ INFO  ] : HHH000204: Processing PersistenceUnitInfo [name: default]
2025-04-13 09:38:05 [ INFO  ] : HHH000412: Hibernate ORM core version 6.6.11.Final
2025-04-13 09:38:05 [ INFO  ] : HHH000026: Second-level cache disabled
2025-04-13 09:38:06 [ INFO  ] : HikariPool-1 - Starting...
2025-04-13 09:38:07 [ INFO  ] : HikariPool-1 - Added connection org.postgresql.jdbc.PgConnection@41933e6d
2025-04-13 09:38:07 [ INFO  ] : HikariPool-1 - Start completed.
2025-04-13 09:38:07 [ WARN  ] : HHH90000025: PostgreSQLDialect does not need to be specified explicitly using 'hibernate.dialect' (remove the property setting and it will be selected by default)
2025-04-13 09:38:07 [ INFO  ] : HHH10001005: Database info:
	Database JDBC URL [Connecting through datasource 'HikariDataSource (HikariPool-1)']
	Database driver: undefined/unknown
	Database version: 17.0
	Autocommit mode: undefined/unknown
	Isolation level: undefined/unknown
	Minimum pool size: undefined/unknown
	Maximum pool size: undefined/unknown
2025-04-13 09:38:10 [ INFO  ] : HHH000489: No JTA platform available (set 'hibernate.transaction.jta.platform' to enable JTA platform integration)
2025-04-13 09:38:11 [ WARN  ] : spring.jpa.open-in-view is enabled by default. Therefore, database queries may be performed during view rendering. Explicitly configure spring.jpa.open-in-view to disable this warning
2025-04-13 09:38:12 [ INFO  ] : Starting ProtocolHandler ["http-nio-8080"]
2025-04-13 09:38:12 [ INFO  ] : Started PartsManagementServiceApplication in 13.707 seconds (process running for 17.283)
2025-04-13 09:38:17 [ INFO  ] : Initializing Spring DispatcherServlet 'dispatcherServlet'
2025-04-13 09:38:20 [ INFO  ] : Init duration for springdoc-openapi is: 658 ms
2025-04-13 09:40:42 [ INFO  ] : HikariPool-1 - Shutdown initiated...
2025-04-13 09:40:42 [ INFO  ] : HikariPool-1 - Shutdown completed.
